SF:lib/core/api/character_api.dart
DA:9,1
DA:11,1
DA:13,2
DA:14,1
DA:15,3
DA:16,1
DA:21,2
DA:22,2
LF:8
LH:8
end_of_record
SF:lib/core/config/environment_config.dart
DA:5,0
DA:7,8
LF:2
LH:1
end_of_record
SF:lib/core/paths/dotenv.paths.dart
DA:7,0
DA:8,0
DA:10,2
DA:11,2
DA:12,4
DA:15,2
DA:16,8
LF:7
LH:5
end_of_record
SF:lib/core/paths/endpoint_paths.dart
DA:4,5
DA:5,0
DA:6,5
DA:7,0
LF:4
LH:2
end_of_record
SF:lib/data/models/character/character_model.g.dart
DA:9,1
DA:10,1
DA:11,1
DA:12,2
DA:13,1
DA:14,1
DA:16,1
DA:18,2
DA:21,0
DA:22,0
DA:23,0
DA:24,0
DA:27,1
DA:29,1
DA:30,1
DA:31,1
DA:32,1
DA:33,1
DA:34,1
DA:35,1
DA:36,1
DA:38,2
DA:39,1
DA:41,1
DA:42,1
DA:43,1
DA:44,1
DA:45,2
DA:46,1
DA:48,1
DA:49,1
DA:52,0
DA:54,0
DA:55,0
DA:56,0
DA:57,0
DA:58,0
DA:59,0
DA:60,0
DA:61,0
DA:62,0
DA:63,0
DA:64,0
DA:65,0
DA:66,0
DA:69,2
DA:70,1
DA:71,1
DA:72,1
DA:73,1
DA:76,0
DA:77,0
DA:78,0
DA:79,0
DA:80,0
DA:83,1
DA:84,1
DA:85,1
DA:86,1
DA:89,0
DA:90,0
DA:91,0
DA:92,0
DA:95,1
DA:96,1
DA:97,1
DA:98,1
DA:101,0
DA:102,0
DA:103,0
DA:104,0
LF:71
LH:40
end_of_record
SF:lib/data/models/character/character_model.dart
DA:12,5
DA:17,0
DA:18,0
DA:20,0
DA:22,1
DA:23,1
DA:25,0
DA:43,1
DA:58,0
DA:59,0
DA:61,0
DA:63,1
DA:64,1
DA:66,0
DA:76,7
DA:83,0
DA:84,0
DA:86,0
DA:88,1
DA:89,1
DA:91,0
DA:99,7
DA:101,0
DA:102,0
DA:104,0
DA:106,1
DA:107,1
DA:109,0
DA:117,7
DA:119,0
DA:120,0
DA:122,0
DA:124,1
DA:125,1
DA:127,0
LF:35
LH:15
end_of_record
SF:lib/core/api/templates_api/get_api.dart
DA:6,0
DA:8,0
DA:10,0
DA:13,0
DA:19,2
DA:21,6
DA:22,0
DA:24,0
DA:27,0
DA:29,0
LF:10
LH:2
end_of_record
SF:lib/data/models/http_model.dart
DA:9,2
DA:18,0
DA:26,0
DA:27,0
DA:28,0
DA:29,0
DA:30,0
DA:31,0
DA:32,0
LF:9
LH:1
end_of_record
SF:lib/gui/views/character_view/character_view_store.dart
DA:6,3
DA:7,2
DA:8,1
DA:11,2
LF:4
LH:4
end_of_record
SF:lib/core/providers/http_provider.dart
DA:12,2
DA:14,2
DA:15,6
DA:17,2
DA:21,2
DA:22,2
DA:24,0
DA:28,8
DA:40,2
DA:41,8
DA:42,2
DA:46,8
DA:49,6
DA:50,2
DA:51,2
DA:52,4
DA:77,0
DA:78,0
DA:79,0
DA:80,0
DA:81,0
DA:108,0
DA:109,0
DA:110,0
DA:111,0
DA:112,0
DA:136,0
DA:137,0
DA:138,0
DA:149,2
DA:150,2
DA:151,0
DA:155,0
DA:156,0
DA:157,0
DA:158,0
DA:161,0
DA:165,6
DA:185,4
DA:206,2
DA:207,8
DA:228,0
DA:229,0
DA:250,0
DA:251,0
DA:272,0
DA:273,0
DA:275,2
DA:278,2
DA:280,2
DA:281,4
DA:282,4
DA:283,2
DA:288,0
DA:293,0
LF:55
LH:27
end_of_record
SF:lib/core/api/episode_api.dart
DA:9,1
DA:11,1
DA:13,2
DA:14,1
DA:15,3
DA:16,1
DA:21,2
DA:22,2
LF:8
LH:8
end_of_record
SF:lib/data/models/episode/episode_model.dart
DA:12,4
DA:17,0
DA:18,0
DA:20,0
DA:22,1
DA:23,1
DA:25,0
DA:38,1
DA:48,0
DA:49,0
DA:51,0
DA:53,1
DA:54,1
DA:56,0
DA:66,5
DA:73,0
DA:74,0
DA:76,0
DA:78,1
DA:79,1
DA:81,0
LF:21
LH:9
end_of_record
SF:lib/data/models/episode/episode_model.g.dart
DA:9,2
DA:10,1
DA:11,2
DA:12,1
DA:13,1
DA:15,1
DA:17,2
DA:20,0
DA:21,0
DA:22,0
DA:23,0
DA:26,1
DA:27,1
DA:28,1
DA:29,1
DA:30,1
DA:31,1
DA:32,1
DA:33,2
DA:34,1
DA:36,1
DA:37,1
DA:40,0
DA:42,0
DA:43,0
DA:44,0
DA:45,0
DA:46,0
DA:47,0
DA:48,0
DA:49,0
DA:52,2
DA:53,1
DA:54,1
DA:55,1
DA:56,1
DA:59,0
DA:60,0
DA:61,0
DA:62,0
DA:63,0
LF:41
LH:23
end_of_record
SF:lib/gui/views/episode_view/character_view_store.dart
DA:6,3
DA:7,2
DA:8,1
DA:11,2
LF:4
LH:4
end_of_record
SF:lib/main.dart
DA:10,0
DA:11,0
DA:12,0
DA:16,2
DA:19,1
DA:21,1
DA:22,1
DA:23,1
DA:25,1
DA:29,1
DA:31,1
DA:32,0
DA:35,0
LF:13
LH:8
end_of_record
SF:lib/core/blocs/character_bloc/character_event.dart
DA:9,0
DA:17,0
LF:2
LH:0
end_of_record
SF:lib/core/blocs/character_bloc/character_bloc.dart
DA:12,0
DA:13,0
DA:14,0
DA:15,0
DA:16,0
DA:17,0
DA:18,0
DA:20,0
DA:21,0
LF:9
LH:0
end_of_record
SF:lib/core/blocs/character_bloc/character_repo.dart
DA:7,0
DA:9,0
DA:11,0
DA:13,0
DA:14,0
DA:15,0
DA:16,0
DA:19,0
DA:20,0
DA:22,0
DA:23,0
DA:24,0
DA:25,0
DA:26,0
LF:14
LH:0
end_of_record
SF:lib/core/blocs/character_bloc/character_state.dart
DA:7,1
DA:11,0
DA:16,0
DA:20,0
DA:21,0
DA:22,0
LF:6
LH:1
end_of_record
SF:lib/core/blocs/episode_bloc/episode_event.dart
DA:9,0
DA:17,0
LF:2
LH:0
end_of_record
SF:lib/core/blocs/episode_bloc/episode_repo.dart
DA:7,0
DA:9,0
DA:11,0
DA:13,0
DA:14,0
DA:15,0
DA:16,0
DA:19,0
DA:20,0
DA:22,0
DA:23,0
DA:24,0
DA:25,0
DA:26,0
LF:14
LH:0
end_of_record
SF:lib/core/blocs/episode_bloc/episode_state.dart
DA:7,1
DA:11,0
DA:16,0
DA:20,0
DA:21,0
DA:22,0
LF:6
LH:1
end_of_record
SF:lib/core/blocs/episode_bloc/episode_bloc.dart
DA:12,0
DA:13,0
DA:14,0
DA:15,0
DA:16,0
DA:17,0
DA:18,0
DA:20,0
DA:21,0
LF:9
LH:0
end_of_record
SF:lib/core/config/init_app_config.dart
DA:3,0
DA:4,0
LF:2
LH:0
end_of_record
SF:lib/core/providers/bloc_provider.dart
DA:5,3
DA:6,1
DA:7,1
LF:3
LH:3
end_of_record
SF:lib/gui/views/character_view/character_view.dart
DA:5,1
DA:7,0
DA:9,0
DA:10,0
DA:11,0
DA:16,0
LF:6
LH:1
end_of_record
SF:lib/gui/views/character_view/character_view_widgets/character_view_form.dart
DA:11,1
DA:13,0
DA:14,0
DA:22,0
DA:24,0
DA:26,0
DA:29,0
DA:31,0
DA:32,0
DA:35,0
DA:37,0
DA:40,0
DA:41,0
DA:42,0
DA:43,0
DA:44,0
DA:45,0
DA:46,0
DA:47,0
DA:48,0
DA:55,0
DA:56,0
DA:57,0
DA:58,0
DA:60,0
DA:61,0
DA:62,0
DA:66,0
DA:67,0
DA:75,0
DA:76,0
DA:77,0
DA:85,0
DA:86,0
DA:87,0
DA:88,0
DA:90,0
DA:91,0
DA:92,0
DA:96,0
DA:97,0
DA:105,0
DA:110,0
DA:111,0
DA:141,0
DA:142,0
DA:143,0
DA:144,0
DA:145,0
DA:147,0
DA:148,0
DA:149,0
DA:150,0
DA:151,0
DA:152,0
DA:154,0
DA:155,0
DA:158,0
DA:159,0
DA:160,0
DA:162,0
DA:169,0
DA:170,0
DA:172,0
DA:173,0
DA:174,0
DA:177,0
DA:179,0
DA:180,0
DA:181,0
DA:182,0
DA:186,0
DA:194,0
DA:196,0
DA:198,0
DA:200,0
DA:201,0
DA:203,0
DA:204,0
DA:215,0
DA:216,0
DA:219,0
DA:220,0
DA:230,0
DA:238,0
LF:85
LH:1
end_of_record
SF:lib/gui/views/character_view/character_view_controller.dart
DA:15,0
DA:17,0
DA:18,0
DA:20,0
DA:22,0
DA:23,0
DA:25,0
DA:28,0
DA:30,0
DA:31,0
DA:32,0
DA:35,0
DA:36,0
DA:37,0
DA:38,0
DA:39,0
DA:43,0
DA:44,0
DA:45,0
DA:46,0
DA:47,0
DA:49,0
DA:53,0
DA:54,0
DA:57,0
DA:58,0
DA:59,0
DA:62,0
DA:67,0
DA:68,0
DA:69,0
DA:70,0
DA:71,0
DA:72,0
LF:34
LH:0
end_of_record
SF:lib/gui/views/episode_view/episode_view.dart
DA:5,1
DA:7,0
DA:9,0
DA:10,0
DA:11,0
DA:12,0
DA:18,0
DA:23,0
LF:8
LH:1
end_of_record
SF:lib/gui/views/episode_view/episode_view_widgets/episode_view_form.dart
DA:11,1
DA:13,0
DA:14,0
DA:22,0
DA:24,0
DA:26,0
DA:29,0
DA:31,0
DA:32,0
DA:35,0
DA:37,0
DA:40,0
DA:41,0
DA:42,0
DA:43,0
DA:44,0
DA:45,0
DA:46,0
DA:47,0
DA:54,0
DA:55,0
DA:56,0
DA:57,0
DA:59,0
DA:60,0
DA:61,0
DA:65,0
DA:66,0
DA:75,0
DA:76,0
DA:77,0
DA:85,0
DA:86,0
DA:87,0
DA:88,0
DA:90,0
DA:91,0
DA:92,0
DA:96,0
DA:97,0
DA:106,0
DA:111,0
DA:112,0
DA:113,0
DA:114,0
DA:115,0
DA:116,0
DA:117,0
DA:118,0
DA:119,0
DA:121,0
DA:122,0
DA:128,0
DA:129,0
DA:131,0
DA:132,0
DA:133,0
DA:136,0
DA:138,0
DA:139,0
DA:140,0
DA:142,0
DA:144,0
DA:146,0
DA:147,0
DA:149,0
DA:150,0
DA:153,0
DA:154,0
DA:164,0
DA:172,0
LF:71
LH:1
end_of_record
SF:lib/gui/views/episode_view/episode_view_controller.dart
DA:15,0
DA:17,0
DA:18,0
DA:20,0
DA:22,0
DA:23,0
DA:25,0
DA:28,0
DA:30,0
DA:31,0
DA:32,0
DA:35,0
DA:36,0
DA:37,0
DA:38,0
DA:39,0
DA:43,0
DA:44,0
DA:45,0
DA:46,0
DA:47,0
DA:49,0
DA:53,0
DA:54,0
DA:57,0
DA:58,0
DA:59,0
DA:62,0
DA:67,0
DA:68,0
DA:69,0
DA:70,0
DA:71,0
DA:72,0
LF:34
LH:0
end_of_record
SF:lib/gui/views/main_view/main_view.dart
DA:5,1
DA:7,1
DA:9,1
DA:11,1
DA:12,1
DA:13,1
DA:14,1
DA:17,3
DA:26,1
DA:27,4
DA:28,1
DA:29,4
DA:30,1
DA:35,1
DA:36,4
DA:37,1
DA:38,4
DA:39,1
DA:44,1
DA:45,4
DA:46,1
DA:47,4
DA:61,1
DA:62,4
DA:63,1
DA:64,4
DA:77,1
DA:78,4
DA:79,1
DA:80,4
DA:81,1
DA:84,1
DA:85,1
DA:86,1
DA:87,1
DA:88,1
DA:90,1
DA:93,0
DA:94,0
LF:39
LH:37
end_of_record
